# JRE version: Java(TM) SE Runtime Environment (21.0.7+8) (build 21.0.7+8-LTS-245)
# Java VM: Java HotSpot(TM) 64-Bit Server VM (21.0.7+8-LTS-245, mixed mode, emulated-client, sharing, tiered, compressed oops, compressed class ptrs, g1 gc, windows-amd64)
GC Precious Log:
 CardTable entry size: 512
 Card Set container configuration: InlinePtr #cards 5 size 8 Array Of Cards #cards 12 size 40 Howl #buckets 4 coarsen threshold 1843 Howl Bitmap #cards 512 size 80 coarsen threshold 460 Card regions per heap region 1 cards per card region 2048
 CPUs: 8 total, 8 available
 Memory: 5965M
 Large Page Support: Disabled
 NUMA Support: Disabled
 Compressed Oops: Enabled (32-bit)
 Heap Region Size: 1M
 Heap Min Capacity: 8M
 Heap Initial Capacity: 94M
 Heap Max Capacity: 1492M
 Pre-touch: Disabled
 Parallel Workers: 8
 Concurrent Workers: 2
 Concurrent Refinement Workers: 8
 Periodic GC: Disabled
Heap:
 garbage-first heap   total 55296K, used 38468K [0x00000000a2c00000, 0x0000000100000000)
  region size 1024K, 15 young (15360K), 3 survivors (3072K)
 Metaspace       used 69939K, committed 70784K, reserved 1114112K
  class space    used 9937K, committed 10304K, reserved 1048576K
GC Heap History (20 events):
Event: 14.703 GC heap after
{Heap after GC invocations=16 (full 0):
 garbage-first heap   total 51200K, used 26655K [0x00000000a2c00000, 0x0000000100000000)
  region size 1024K, 2 young (2048K), 2 survivors (2048K)
 Metaspace       used 61789K, committed 62592K, reserved 1114112K
  class space    used 8866K, committed 9216K, reserved 1048576K
}
Event: 464.087 GC heap before
{Heap before GC invocations=16 (full 0):
 garbage-first heap   total 51200K, used 45087K [0x00000000a2c00000, 0x0000000100000000)
  region size 1024K, 20 young (20480K), 2 survivors (2048K)
 Metaspace       used 64379K, committed 65152K, reserved 1114112K
  class space    used 9194K, committed 9536K, reserved 1048576K
}
Event: 464.151 GC heap after
{Heap after GC invocations=17 (full 0):
 garbage-first heap   total 51200K, used 27904K [0x00000000a2c00000, 0x0000000100000000)
  region size 1024K, 2 young (2048K), 2 survivors (2048K)
 Metaspace       used 64379K, committed 65152K, reserved 1114112K
  class space    used 9194K, committed 9536K, reserved 1048576K
}
Event: 496.181 GC heap before
{Heap before GC invocations=18 (full 0):
 garbage-first heap   total 51200K, used 44288K [0x00000000a2c00000, 0x0000000100000000)
  region size 1024K, 19 young (19456K), 2 survivors (2048K)
 Metaspace       used 68896K, committed 69568K, reserved 1114112K
  class space    used 9806K, committed 10112K, reserved 1048576K
}
Event: 496.187 GC heap after
{Heap after GC invocations=19 (full 0):
 garbage-first heap   total 51200K, used 28630K [0x00000000a2c00000, 0x0000000100000000)
  region size 1024K, 2 young (2048K), 2 survivors (2048K)
 Metaspace       used 68896K, committed 69568K, reserved 1114112K
  class space    used 9806K, committed 10112K, reserved 1048576K
}
Event: 5706.963 GC heap before
{Heap before GC invocations=19 (full 0):
 garbage-first heap   total 51200K, used 41942K [0x00000000a2c00000, 0x0000000100000000)
  region size 1024K, 16 young (16384K), 2 survivors (2048K)
 Metaspace       used 69555K, committed 70208K, reserved 1114112K
  class space    used 9901K, committed 10176K, reserved 1048576K
}
Event: 5707.692 GC heap after
{Heap after GC invocations=20 (full 1):
 garbage-first heap   total 51200K, used 20403K [0x00000000a2c00000, 0x0000000100000000)
  region size 1024K, 0 young (0K), 0 survivors (0K)
 Metaspace       used 69491K, committed 70208K, reserved 1114112K
  class space    used 9883K, committed 10176K, reserved 1048576K
}
Event: 5710.200 GC heap before
{Heap before GC invocations=20 (full 1):
 garbage-first heap   total 51200K, used 41907K [0x00000000a2c00000, 0x0000000100000000)
  region size 1024K, 22 young (22528K), 0 survivors (0K)
 Metaspace       used 69540K, committed 70208K, reserved 1114112K
  class space    used 9894K, committed 10176K, reserved 1048576K
}
Event: 5710.213 GC heap after
{Heap after GC invocations=21 (full 1):
 garbage-first heap   total 51200K, used 23137K [0x00000000a2c00000, 0x0000000100000000)
  region size 1024K, 3 young (3072K), 3 survivors (3072K)
 Metaspace       used 69540K, committed 70208K, reserved 1114112K
  class space    used 9894K, committed 10176K, reserved 1048576K
}
Event: 5711.249 GC heap before
{Heap before GC invocations=21 (full 1):
 garbage-first heap   total 51200K, used 41569K [0x00000000a2c00000, 0x0000000100000000)
  region size 1024K, 22 young (22528K), 3 survivors (3072K)
 Metaspace       used 69665K, committed 70400K, reserved 1114112K
  class space    used 9926K, committed 10240K, reserved 1048576K
}
Event: 5711.258 GC heap after
{Heap after GC invocations=22 (full 1):
 garbage-first heap   total 51200K, used 26149K [0x00000000a2c00000, 0x0000000100000000)
  region size 1024K, 3 young (3072K), 3 survivors (3072K)
 Metaspace       used 69665K, committed 70400K, reserved 1114112K
  class space    used 9926K, committed 10240K, reserved 1048576K
}
Event: 5711.915 GC heap before
{Heap before GC invocations=22 (full 1):
 garbage-first heap   total 51200K, used 42533K [0x00000000a2c00000, 0x0000000100000000)
  region size 1024K, 19 young (19456K), 3 survivors (3072K)
 Metaspace       used 69870K, committed 70656K, reserved 1114112K
  class space    used 9949K, committed 10304K, reserved 1048576K
}
Event: 5711.923 GC heap after
{Heap after GC invocations=23 (full 1):
 garbage-first heap   total 51200K, used 28270K [0x00000000a2c00000, 0x0000000100000000)
  region size 1024K, 3 young (3072K), 3 survivors (3072K)
 Metaspace       used 69870K, committed 70656K, reserved 1114112K
  class space    used 9949K, committed 10304K, reserved 1048576K
}
Event: 5713.362 GC heap before
{Heap before GC invocations=24 (full 1):
 garbage-first heap   total 55296K, used 29294K [0x00000000a2c00000, 0x0000000100000000)
  region size 1024K, 5 young (5120K), 3 survivors (3072K)
 Metaspace       used 69831K, committed 70656K, reserved 1114112K
  class space    used 9939K, committed 10304K, reserved 1048576K
}
Event: 5713.426 GC heap after
{Heap after GC invocations=25 (full 2):
 garbage-first heap   total 55296K, used 22498K [0x00000000a2c00000, 0x0000000100000000)
  region size 1024K, 0 young (0K), 0 survivors (0K)
 Metaspace       used 69762K, committed 70656K, reserved 1114112K
  class space    used 9922K, committed 10304K, reserved 1048576K
}
Event: 5714.237 GC heap before
{Heap before GC invocations=25 (full 2):
 garbage-first heap   total 55296K, used 45026K [0x00000000a2c00000, 0x0000000100000000)
  region size 1024K, 22 young (22528K), 0 survivors (0K)
 Metaspace       used 69784K, committed 70656K, reserved 1114112K
  class space    used 9925K, committed 10304K, reserved 1048576K
}
Event: 5714.241 GC heap after
{Heap after GC invocations=26 (full 2):
 garbage-first heap   total 55296K, used 24978K [0x00000000a2c00000, 0x0000000100000000)
  region size 1024K, 3 young (3072K), 3 survivors (3072K)
 Metaspace       used 69784K, committed 70656K, reserved 1114112K
  class space    used 9925K, committed 10304K, reserved 1048576K
}
Event: 5715.035 GC heap before
{Heap before GC invocations=26 (full 2):
 garbage-first heap   total 55296K, used 44434K [0x00000000a2c00000, 0x0000000100000000)
  region size 1024K, 23 young (23552K), 3 survivors (3072K)
 Metaspace       used 69908K, committed 70720K, reserved 1114112K
  class space    used 9936K, committed 10304K, reserved 1048576K
}
Event: 5715.043 GC heap after
{Heap after GC invocations=27 (full 2):
 garbage-first heap   total 55296K, used 27204K [0x00000000a2c00000, 0x0000000100000000)
  region size 1024K, 3 young (3072K), 3 survivors (3072K)
 Metaspace       used 69908K, committed 70720K, reserved 1114112K
  class space    used 9936K, committed 10304K, reserved 1048576K
}
Event: 5801.806 GC heap before
{Heap before GC invocations=27 (full 2):
 garbage-first heap   total 55296K, used 38468K [0x00000000a2c00000, 0x0000000100000000)
  region size 1024K, 15 young (15360K), 3 survivors (3072K)
 Metaspace       used 69939K, committed 70784K, reserved 1114112K
  class space    used 9937K, committed 10304K, reserved 1048576K
}

